[2025-12-30T16:05:29.088+0000] {taskinstance.py:1956} INFO - Dependencies all met for dep_context=non-requeueable deps ti=<TaskInstance: superstore_databricks_etl.run_superstore_serverless_job manual__2025-12-30T16:05:09.588062+00:00 [queued]>
[2025-12-30T16:05:29.101+0000] {taskinstance.py:1956} INFO - Dependencies all met for dep_context=requeueable deps ti=<TaskInstance: superstore_databricks_etl.run_superstore_serverless_job manual__2025-12-30T16:05:09.588062+00:00 [queued]>
[2025-12-30T16:05:29.102+0000] {taskinstance.py:2170} INFO - Starting attempt 1 of 2
[2025-12-30T16:05:29.130+0000] {taskinstance.py:2191} INFO - Executing <Task(DatabricksRunNowOperator): run_superstore_serverless_job> on 2025-12-30 16:05:09.588062+00:00
[2025-12-30T16:05:29.136+0000] {standard_task_runner.py:60} INFO - Started process 338 to run task
[2025-12-30T16:05:29.140+0000] {standard_task_runner.py:87} INFO - Running: ['***', 'tasks', 'run', 'superstore_databricks_etl', 'run_superstore_serverless_job', 'manual__2025-12-30T16:05:09.588062+00:00', '--job-id', '7', '--raw', '--subdir', 'DAGS_FOLDER/superstore_databricks_etl.py', '--cfg-path', '/tmp/tmpsw_nlwtc']
[2025-12-30T16:05:29.144+0000] {standard_task_runner.py:88} INFO - Job 7: Subtask run_superstore_serverless_job
[2025-12-30T16:05:29.268+0000] {task_command.py:423} INFO - Running <TaskInstance: superstore_databricks_etl.run_superstore_serverless_job manual__2025-12-30T16:05:09.588062+00:00 [running]> on host 5ef24e8109aa
[2025-12-30T16:05:29.382+0000] {taskinstance.py:2480} INFO - Exporting env vars: AIRFLOW_CTX_DAG_OWNER='vivek' AIRFLOW_CTX_DAG_ID='superstore_databricks_etl' AIRFLOW_CTX_TASK_ID='run_superstore_serverless_job' AIRFLOW_CTX_EXECUTION_DATE='2025-12-30T16:05:09.588062+00:00' AIRFLOW_CTX_TRY_NUMBER='1' AIRFLOW_CTX_DAG_RUN_ID='manual__2025-12-30T16:05:09.588062+00:00'
[2025-12-30T16:05:29.401+0000] {base.py:83} INFO - Using connection ID 'databricks_default' for task execution.
[2025-12-30T16:05:29.643+0000] {taskinstance.py:2698} ERROR - Task failed with exception
Traceback (most recent call last):
  File "/home/airflow/.local/lib/python3.8/site-packages/airflow/providers/databricks/hooks/databricks_base.py", line 562, in _do_api_call
    for attempt in self._get_retry_object():
  File "/home/airflow/.local/lib/python3.8/site-packages/tenacity/__init__.py", line 347, in __iter__
    do = self.iter(retry_state=retry_state)
  File "/home/airflow/.local/lib/python3.8/site-packages/tenacity/__init__.py", line 314, in iter
    return fut.result()
  File "/usr/local/lib/python3.8/concurrent/futures/_base.py", line 437, in result
    return self.__get_result()
  File "/usr/local/lib/python3.8/concurrent/futures/_base.py", line 389, in __get_result
    raise self._exception
  File "/home/airflow/.local/lib/python3.8/site-packages/airflow/providers/databricks/hooks/databricks_base.py", line 572, in _do_api_call
    response.raise_for_status()
  File "/home/airflow/.local/lib/python3.8/site-packages/requests/models.py", line 1021, in raise_for_status
    raise HTTPError(http_error_msg, response=self)
requests.exceptions.HTTPError: 400 Client Error: Bad Request for url: https://adb-646459859347545.5.azuredatabricks.net/api/2.1/jobs/run-now

During handling of the above exception, another exception occurred:

Traceback (most recent call last):
  File "/home/airflow/.local/lib/python3.8/site-packages/airflow/models/taskinstance.py", line 433, in _execute_task
    result = execute_callable(context=context, **execute_callable_kwargs)
  File "/home/airflow/.local/lib/python3.8/site-packages/airflow/providers/databricks/operators/databricks.py", line 918, in execute
    self.run_id = hook.run_now(self.json)
  File "/home/airflow/.local/lib/python3.8/site-packages/airflow/providers/databricks/hooks/databricks.py", line 253, in run_now
    response = self._do_api_call(RUN_NOW_ENDPOINT, json)
  File "/home/airflow/.local/lib/python3.8/site-packages/airflow/providers/databricks/hooks/databricks_base.py", line 579, in _do_api_call
    raise AirflowException(msg)
airflow.exceptions.AirflowException: Response: {"error_code":"INVALID_PARAMETER_VALUE","message":"Job 84448717491969 does not exist.","details":[{"@type":"type.googleapis.com/google.rpc.RequestInfo","request_id":"8c53688e-c514-9d34-8b39-d5435c151392","serving_data":""}]}, Status Code: 400
[2025-12-30T16:05:29.649+0000] {taskinstance.py:1138} INFO - Marking task as UP_FOR_RETRY. dag_id=superstore_databricks_etl, task_id=run_superstore_serverless_job, execution_date=20251230T160509, start_date=20251230T160529, end_date=20251230T160529
[2025-12-30T16:05:29.672+0000] {standard_task_runner.py:107} ERROR - Failed to execute job 7 for task run_superstore_serverless_job (Response: {"error_code":"INVALID_PARAMETER_VALUE","message":"Job 84448717491969 does not exist.","details":[{"@type":"type.googleapis.com/google.rpc.RequestInfo","request_id":"8c53688e-c514-9d34-8b39-d5435c151392","serving_data":""}]}, Status Code: 400; 338)
[2025-12-30T16:05:29.715+0000] {local_task_job_runner.py:234} INFO - Task exited with return code 1
[2025-12-30T16:05:29.744+0000] {taskinstance.py:3280} INFO - 0 downstream tasks scheduled from follow-on schedule check
