[2025-12-30T15:59:07.423+0000] {taskinstance.py:1956} INFO - Dependencies all met for dep_context=non-requeueable deps ti=<TaskInstance: superstore_databricks_etl.run_superstore_serverless_job manual__2025-12-30T15:52:57.635118+00:00 [queued]>
[2025-12-30T15:59:07.432+0000] {taskinstance.py:1956} INFO - Dependencies all met for dep_context=requeueable deps ti=<TaskInstance: superstore_databricks_etl.run_superstore_serverless_job manual__2025-12-30T15:52:57.635118+00:00 [queued]>
[2025-12-30T15:59:07.433+0000] {taskinstance.py:2170} INFO - Starting attempt 3 of 4
[2025-12-30T15:59:07.455+0000] {taskinstance.py:2191} INFO - Executing <Task(DatabricksRunNowOperator): run_superstore_serverless_job> on 2025-12-30 15:52:57.635118+00:00
[2025-12-30T15:59:07.459+0000] {standard_task_runner.py:60} INFO - Started process 262 to run task
[2025-12-30T15:59:07.463+0000] {standard_task_runner.py:87} INFO - Running: ['***', 'tasks', 'run', 'superstore_databricks_etl', 'run_superstore_serverless_job', 'manual__2025-12-30T15:52:57.635118+00:00', '--job-id', '4', '--raw', '--subdir', 'DAGS_FOLDER/superstore_databricks_etl.py', '--cfg-path', '/tmp/tmpra2yc9y9']
[2025-12-30T15:59:07.465+0000] {standard_task_runner.py:88} INFO - Job 4: Subtask run_superstore_serverless_job
[2025-12-30T15:59:07.542+0000] {task_command.py:423} INFO - Running <TaskInstance: superstore_databricks_etl.run_superstore_serverless_job manual__2025-12-30T15:52:57.635118+00:00 [running]> on host 5ef24e8109aa
[2025-12-30T15:59:07.623+0000] {taskinstance.py:2480} INFO - Exporting env vars: AIRFLOW_CTX_DAG_OWNER='vivek' AIRFLOW_CTX_DAG_ID='superstore_databricks_etl' AIRFLOW_CTX_TASK_ID='run_superstore_serverless_job' AIRFLOW_CTX_EXECUTION_DATE='2025-12-30T15:52:57.635118+00:00' AIRFLOW_CTX_TRY_NUMBER='3' AIRFLOW_CTX_DAG_RUN_ID='manual__2025-12-30T15:52:57.635118+00:00'
[2025-12-30T15:59:07.632+0000] {base.py:83} INFO - Using connection ID 'databricks_default' for task execution.
[2025-12-30T15:59:07.858+0000] {taskinstance.py:2698} ERROR - Task failed with exception
Traceback (most recent call last):
  File "/home/airflow/.local/lib/python3.8/site-packages/airflow/providers/databricks/hooks/databricks_base.py", line 562, in _do_api_call
    for attempt in self._get_retry_object():
  File "/home/airflow/.local/lib/python3.8/site-packages/tenacity/__init__.py", line 347, in __iter__
    do = self.iter(retry_state=retry_state)
  File "/home/airflow/.local/lib/python3.8/site-packages/tenacity/__init__.py", line 314, in iter
    return fut.result()
  File "/usr/local/lib/python3.8/concurrent/futures/_base.py", line 437, in result
    return self.__get_result()
  File "/usr/local/lib/python3.8/concurrent/futures/_base.py", line 389, in __get_result
    raise self._exception
  File "/home/airflow/.local/lib/python3.8/site-packages/airflow/providers/databricks/hooks/databricks_base.py", line 572, in _do_api_call
    response.raise_for_status()
  File "/home/airflow/.local/lib/python3.8/site-packages/requests/models.py", line 1021, in raise_for_status
    raise HTTPError(http_error_msg, response=self)
requests.exceptions.HTTPError: 400 Client Error: Bad Request for url: https://adb-646459859347545.5.azuredatabricks.net/api/2.1/jobs/run-now

During handling of the above exception, another exception occurred:

Traceback (most recent call last):
  File "/home/airflow/.local/lib/python3.8/site-packages/airflow/models/taskinstance.py", line 433, in _execute_task
    result = execute_callable(context=context, **execute_callable_kwargs)
  File "/home/airflow/.local/lib/python3.8/site-packages/airflow/providers/databricks/operators/databricks.py", line 918, in execute
    self.run_id = hook.run_now(self.json)
  File "/home/airflow/.local/lib/python3.8/site-packages/airflow/providers/databricks/hooks/databricks.py", line 253, in run_now
    response = self._do_api_call(RUN_NOW_ENDPOINT, json)
  File "/home/airflow/.local/lib/python3.8/site-packages/airflow/providers/databricks/hooks/databricks_base.py", line 579, in _do_api_call
    raise AirflowException(msg)
airflow.exceptions.AirflowException: Response: {"error_code":"INVALID_PARAMETER_VALUE","message":"Job 84448717491969 does not exist.","details":[{"@type":"type.googleapis.com/google.rpc.RequestInfo","request_id":"614908eb-3258-90bf-be16-cac2364e924b","serving_data":""}]}, Status Code: 400
[2025-12-30T15:59:07.862+0000] {taskinstance.py:1138} INFO - Marking task as UP_FOR_RETRY. dag_id=superstore_databricks_etl, task_id=run_superstore_serverless_job, execution_date=20251230T155257, start_date=20251230T155907, end_date=20251230T155907
[2025-12-30T15:59:07.876+0000] {standard_task_runner.py:107} ERROR - Failed to execute job 4 for task run_superstore_serverless_job (Response: {"error_code":"INVALID_PARAMETER_VALUE","message":"Job 84448717491969 does not exist.","details":[{"@type":"type.googleapis.com/google.rpc.RequestInfo","request_id":"614908eb-3258-90bf-be16-cac2364e924b","serving_data":""}]}, Status Code: 400; 262)
[2025-12-30T15:59:07.917+0000] {local_task_job_runner.py:234} INFO - Task exited with return code 1
[2025-12-30T15:59:07.931+0000] {taskinstance.py:3280} INFO - 0 downstream tasks scheduled from follow-on schedule check
