[2026-01-05T18:36:33.313+0000] {taskinstance.py:1956} INFO - Dependencies all met for dep_context=non-requeueable deps ti=<TaskInstance: student_retention_databricks_orchestration.trigger_databricks_medallion_job manual__2026-01-05T18:36:32.350497+00:00 [queued]>
[2026-01-05T18:36:33.337+0000] {taskinstance.py:1956} INFO - Dependencies all met for dep_context=requeueable deps ti=<TaskInstance: student_retention_databricks_orchestration.trigger_databricks_medallion_job manual__2026-01-05T18:36:32.350497+00:00 [queued]>
[2026-01-05T18:36:33.340+0000] {taskinstance.py:2170} INFO - Starting attempt 1 of 3
[2026-01-05T18:36:33.371+0000] {taskinstance.py:2191} INFO - Executing <Task(DatabricksRunNowOperator): trigger_databricks_medallion_job> on 2026-01-05 18:36:32.350497+00:00
[2026-01-05T18:36:33.382+0000] {standard_task_runner.py:60} INFO - Started process 213 to run task
[2026-01-05T18:36:33.396+0000] {standard_task_runner.py:87} INFO - Running: ['***', 'tasks', 'run', 'student_retention_databricks_orchestration', 'trigger_databricks_medallion_job', 'manual__2026-01-05T18:36:32.350497+00:00', '--job-id', '2', '--raw', '--subdir', 'DAGS_FOLDER/studentRetension_databricks_etl.py', '--cfg-path', '/tmp/tmpw7u0u1hx']
[2026-01-05T18:36:33.402+0000] {standard_task_runner.py:88} INFO - Job 2: Subtask trigger_databricks_medallion_job
[2026-01-05T18:36:33.539+0000] {task_command.py:423} INFO - Running <TaskInstance: student_retention_databricks_orchestration.trigger_databricks_medallion_job manual__2026-01-05T18:36:32.350497+00:00 [running]> on host 583d2e1a28e8
[2026-01-05T18:36:33.727+0000] {taskinstance.py:2480} INFO - Exporting env vars: AIRFLOW_CTX_DAG_OWNER='siddartha' AIRFLOW_CTX_DAG_ID='student_retention_databricks_orchestration' AIRFLOW_CTX_TASK_ID='trigger_databricks_medallion_job' AIRFLOW_CTX_EXECUTION_DATE='2026-01-05T18:36:32.350497+00:00' AIRFLOW_CTX_TRY_NUMBER='1' AIRFLOW_CTX_DAG_RUN_ID='manual__2026-01-05T18:36:32.350497+00:00'
[2026-01-05T18:36:33.747+0000] {base.py:83} INFO - Using connection ID 'databricks_default' for task execution.
[2026-01-05T18:36:33.750+0000] {databricks_base.py:546} INFO - Using basic auth.
[2026-01-05T18:36:35.227+0000] {taskinstance.py:2698} ERROR - Task failed with exception
Traceback (most recent call last):
  File "/home/airflow/.local/lib/python3.8/site-packages/airflow/providers/databricks/hooks/databricks_base.py", line 562, in _do_api_call
    for attempt in self._get_retry_object():
  File "/home/airflow/.local/lib/python3.8/site-packages/tenacity/__init__.py", line 347, in __iter__
    do = self.iter(retry_state=retry_state)
  File "/home/airflow/.local/lib/python3.8/site-packages/tenacity/__init__.py", line 314, in iter
    return fut.result()
  File "/usr/local/lib/python3.8/concurrent/futures/_base.py", line 437, in result
    return self.__get_result()
  File "/usr/local/lib/python3.8/concurrent/futures/_base.py", line 389, in __get_result
    raise self._exception
  File "/home/airflow/.local/lib/python3.8/site-packages/airflow/providers/databricks/hooks/databricks_base.py", line 572, in _do_api_call
    response.raise_for_status()
  File "/home/airflow/.local/lib/python3.8/site-packages/requests/models.py", line 1021, in raise_for_status
    raise HTTPError(http_error_msg, response=self)
requests.exceptions.HTTPError: 403 Client Error: Forbidden for url: https://dbc-b05c1d9b-6b7d.cloud.databricks.com/api/2.1/jobs/run-now

During handling of the above exception, another exception occurred:

Traceback (most recent call last):
  File "/home/airflow/.local/lib/python3.8/site-packages/airflow/models/taskinstance.py", line 433, in _execute_task
    result = execute_callable(context=context, **execute_callable_kwargs)
  File "/home/airflow/.local/lib/python3.8/site-packages/airflow/providers/databricks/operators/databricks.py", line 918, in execute
    self.run_id = hook.run_now(self.json)
  File "/home/airflow/.local/lib/python3.8/site-packages/airflow/providers/databricks/hooks/databricks.py", line 253, in run_now
    response = self._do_api_call(RUN_NOW_ENDPOINT, json)
  File "/home/airflow/.local/lib/python3.8/site-packages/airflow/providers/databricks/hooks/databricks_base.py", line 579, in _do_api_call
    raise AirflowException(msg)
airflow.exceptions.AirflowException: Response: {"error_code":403,"message":"User *** is not allowed to use the access token provided. [ReqId: d72959d0-c592-9dda-b4f0-1c23e4ce42f7]"}, Status Code: 403
[2026-01-05T18:36:35.235+0000] {taskinstance.py:1138} INFO - Marking task as UP_FOR_RETRY. dag_id=student_retention_databricks_orchestration, task_id=trigger_databricks_medallion_job, execution_date=20260105T183632, start_date=20260105T183633, end_date=20260105T183635
[2026-01-05T18:36:35.262+0000] {standard_task_runner.py:107} ERROR - Failed to execute job 2 for task trigger_databricks_medallion_job (Response: {"error_code":403,"message":"User *** is not allowed to use the access token provided. [ReqId: d72959d0-c592-9dda-b4f0-1c23e4ce42f7]"}, Status Code: 403; 213)
[2026-01-05T18:36:35.279+0000] {local_task_job_runner.py:234} INFO - Task exited with return code 1
[2026-01-05T18:36:35.302+0000] {taskinstance.py:3280} INFO - 0 downstream tasks scheduled from follow-on schedule check
